[ 2017-07-12T08:49:44+08:00 ] 127.0.0.1 /tp3.2/home/index/checklogin
INFO: [ app_init ] --START--
INFO: Run Behavior\BuildLiteBehavior [ RunTime:0.000000s ]
INFO: [ app_init ] --END-- [ RunTime:0.026002s ]
INFO: [ app_begin ] --START--
INFO: Run Behavior\ReadHtmlCacheBehavior [ RunTime:0.003000s ]
INFO: [ app_begin ] --END-- [ RunTime:0.003000s ]
INFO: [ view_parse ] --START--
INFO: [ template_filter ] --START--
INFO: Run Behavior\ContentReplaceBehavior [ RunTime:0.000000s ]
INFO: [ template_filter ] --END-- [ RunTime:0.000000s ]
INFO: Run Behavior\ParseTemplateBehavior [ RunTime:0.058003s ]
INFO: [ view_parse ] --END-- [ RunTime:0.058003s ]
INFO: [ view_filter ] --START--
INFO: Run Behavior\WriteHtmlCacheBehavior [ RunTime:0.004000s ]
INFO: [ view_filter ] --END-- [ RunTime:0.004000s ]
INFO: [ app_end ] --START--
INFO: Run Behavior\ShowPageTraceBehavior [ RunTime:0.002001s ]
INFO: [ app_end ] --END-- [ RunTime:0.002001s ]

[ 2017-07-12T08:49:44+08:00 ] 127.0.0.1 /tp3.2/home/index/datalist
INFO: [ app_init ] --START--
INFO: Run Behavior\BuildLiteBehavior [ RunTime:0.000000s ]
INFO: [ app_init ] --END-- [ RunTime:0.001000s ]
INFO: [ app_begin ] --START--
INFO: Run Behavior\ReadHtmlCacheBehavior [ RunTime:0.000000s ]
INFO: [ app_begin ] --END-- [ RunTime:0.000000s ]
SQL: SHOW COLUMNS FROM `hl_admin` [ RunTime:0.0250s ]
SQL: select groupID as id, groupName as `group`,ename as text from shitSen [ RunTime:0.0270s ]

[ 2017-07-12T08:50:14+08:00 ] 127.0.0.1 /tp3.2/home/index/callR?me=%EF%BC%88if%E6%9D%A1%E4%BB%B6%EF%BC%89%E4%B8%80%E4%B8%AA%E5%AE%B6%E5%BA%AD%E4%B9%8B%E9%97%B4%EF%BC%8C%E5%A6%82%E6%9E%9C%E9%95%BF%E8%BE%88%E5%92%8C%E6%99%9A%E8%BE%88%E5%85%B3%E7%B3%BB%E4%B8%8D%E5%92%8C%E7%9D%A6%EF%BC%8C%E4%BC%9A%E5%AF%B9%E5%AE%B6%E5%BA%AD%E9%80%A0%E6%88%90%E4%B8%8D%E5%A5%BD%E7%9A%84%E5%BD%B1%E5%93%8D&pp=%E4%B8%80%E4%B8%AA%E8%B4%BE%E5%A9%B7%E4%B9%8B%E9%97%B4%EF%BC%8C%E5%A6%82%E6%9E%9C%E9%95%BF%E8%BE%88%E5%92%8C%E6%99%9A%E8%BE%88%E5%85%B3%E7%B3%BB%E4%B8%8D%E5%92%8C%E7%9D%A6%EF%BC%8C%E4%BC%9A%E5%AF%B9%E5%AE%B6%E5%BA%AD%E9%80%A0%E6%88%90%E4%B8%8D%E5%A5%BD%E7%9A%84%E5%BD%B1%E5%93%8D
INFO: [ app_init ] --START--
INFO: Run Behavior\BuildLiteBehavior [ RunTime:0.000000s ]
INFO: [ app_init ] --END-- [ RunTime:0.001000s ]
INFO: [ app_begin ] --START--
INFO: Run Behavior\ReadHtmlCacheBehavior [ RunTime:0.001000s ]
INFO: [ app_begin ] --END-- [ RunTime:0.001000s ]
NOTIC: [8] Undefined index: error H:\WWW\tp3.2\ThinkPHP\Library\Vendor\jsonRPC\jsonRPCClient.php 第 154 行.

[ 2017-07-12T09:01:14+08:00 ] 127.0.0.1 /tp3.2/home/index/callR?me=%EF%BC%88if%E6%9D%A1%E4%BB%B6%EF%BC%89%E4%B8%80%E4%B8%AA%E5%AE%B6%E5%BA%AD%E4%B9%8B%E9%97%B4%EF%BC%8C%E5%A6%82%E6%9E%9C%E9%95%BF%E8%BE%88%E5%92%8C%E6%99%9A%E8%BE%88%E5%85%B3%E7%B3%BB%E4%B8%8D%E5%92%8C%E7%9D%A6%EF%BC%8C%E4%BC%9A%E5%AF%B9%E5%AE%B6%E5%BA%AD%E9%80%A0%E6%88%90%E4%B8%8D%E5%A5%BD%E7%9A%84%E5%BD%B1%E5%93%8D&pp=%E4%B8%80%E4%B8%AA%E8%B4%BE%E5%A9%B7%E4%B9%8B%E9%97%B4%EF%BC%8C%E5%A6%82%E6%9E%9C%E9%95%BF%E8%BE%88%E5%92%8C%E6%99%9A%E8%BE%88%E5%85%B3%E7%B3%BB%E4%B8%8D%E5%92%8C%E7%9D%A6%EF%BC%8C%E4%BC%9A%E5%AF%B9%E5%AE%B6%E5%BA%AD%E9%80%A0%E6%88%90%E4%B8%8D%E5%A5%BD%E7%9A%84%E5%BD%B1%E5%93%8D
INFO: [ app_init ] --START--
INFO: Run Behavior\BuildLiteBehavior [ RunTime:0.000000s ]
INFO: [ app_init ] --END-- [ RunTime:0.001000s ]
INFO: [ app_begin ] --START--
INFO: Run Behavior\ReadHtmlCacheBehavior [ RunTime:0.001000s ]
INFO: [ app_begin ] --END-- [ RunTime:0.001000s ]
NOTIC: [8] Undefined index: error H:\WWW\tp3.2\ThinkPHP\Library\Vendor\jsonRPC\jsonRPCClient.php 第 154 行.

[ 2017-07-12T09:02:47+08:00 ] 127.0.0.1 /tp3.2/home/index/checklogin
INFO: [ app_init ] --START--
INFO: Run Behavior\BuildLiteBehavior [ RunTime:0.000000s ]
INFO: [ app_init ] --END-- [ RunTime:0.001000s ]
INFO: [ app_begin ] --START--
INFO: Run Behavior\ReadHtmlCacheBehavior [ RunTime:0.000000s ]
INFO: [ app_begin ] --END-- [ RunTime:0.000000s ]
INFO: [ view_parse ] --START--
INFO: [ template_filter ] --START--
INFO: Run Behavior\ContentReplaceBehavior [ RunTime:0.000000s ]
INFO: [ template_filter ] --END-- [ RunTime:0.000000s ]
INFO: Run Behavior\ParseTemplateBehavior [ RunTime:0.008001s ]
INFO: [ view_parse ] --END-- [ RunTime:0.008001s ]
INFO: [ view_filter ] --START--
INFO: Run Behavior\WriteHtmlCacheBehavior [ RunTime:0.001000s ]
INFO: [ view_filter ] --END-- [ RunTime:0.001000s ]
INFO: [ app_end ] --START--
INFO: Run Behavior\ShowPageTraceBehavior [ RunTime:0.001000s ]
INFO: [ app_end ] --END-- [ RunTime:0.001000s ]

[ 2017-07-12T09:02:48+08:00 ] 127.0.0.1 /tp3.2/home/index/datalist
INFO: [ app_init ] --START--
INFO: Run Behavior\BuildLiteBehavior [ RunTime:0.000000s ]
INFO: [ app_init ] --END-- [ RunTime:0.001000s ]
INFO: [ app_begin ] --START--
INFO: Run Behavior\ReadHtmlCacheBehavior [ RunTime:0.000000s ]
INFO: [ app_begin ] --END-- [ RunTime:0.001000s ]
SQL: SHOW COLUMNS FROM `hl_admin` [ RunTime:0.0920s ]
SQL: select groupID as id, groupName as `group`,ename as text from shitSen [ RunTime:0.0880s ]

[ 2017-07-12T09:02:55+08:00 ] 127.0.0.1 /tp3.2/home/index/callR?me=%EF%BC%88if%E6%9D%A1%E4%BB%B6%EF%BC%89%E4%B8%80%E4%B8%AA%E5%AE%B6%E5%BA%AD%E4%B9%8B%E9%97%B4%EF%BC%8C%E5%A6%82%E6%9E%9C%E9%95%BF%E8%BE%88%E5%92%8C%E6%99%9A%E8%BE%88%E5%85%B3%E7%B3%BB%E4%B8%8D%E5%92%8C%E7%9D%A6%EF%BC%8C%E4%BC%9A%E5%AF%B9%E5%AE%B6%E5%BA%AD%E9%80%A0%E6%88%90%E4%B8%8D%E5%A5%BD%E7%9A%84%E5%BD%B1%E5%93%8D&pp=%E4%B8%80%E4%B8%AA%E8%B4%BE%E5%A9%B7%E4%B9%8B%E9%97%B4%EF%BC%8C%E5%A6%82%E6%9E%9C%E9%95%BF%E8%BE%88%E5%92%8C%E6%99%9A%E8%BE%88%E5%85%B3%E7%B3%BB%E4%B8%8D%E5%92%8C%E7%9D%A6%EF%BC%8C%E4%BC%9A%E5%AF%B9%E5%AE%B6%E5%BA%AD%E9%80%A0%E6%88%90%E4%B8%8D%E5%A5%BD%E7%9A%84%E5%BD%B1%E5%93%8D
INFO: [ app_init ] --START--
INFO: Run Behavior\BuildLiteBehavior [ RunTime:0.000000s ]
INFO: [ app_init ] --END-- [ RunTime:0.001000s ]
INFO: [ app_begin ] --START--
INFO: Run Behavior\ReadHtmlCacheBehavior [ RunTime:0.001000s ]
INFO: [ app_begin ] --END-- [ RunTime:0.001000s ]
NOTIC: [8] Undefined index: error H:\WWW\tp3.2\ThinkPHP\Library\Vendor\jsonRPC\jsonRPCClient.php 第 154 行.

[ 2017-07-12T09:03:30+08:00 ] 127.0.0.1 /tp3.2/home/index/checklogin
INFO: [ app_init ] --START--
INFO: Run Behavior\BuildLiteBehavior [ RunTime:0.000000s ]
INFO: [ app_init ] --END-- [ RunTime:0.000000s ]
INFO: [ app_begin ] --START--
INFO: Run Behavior\ReadHtmlCacheBehavior [ RunTime:0.000000s ]
INFO: [ app_begin ] --END-- [ RunTime:0.000000s ]
INFO: [ view_parse ] --START--
INFO: [ template_filter ] --START--
INFO: Run Behavior\ContentReplaceBehavior [ RunTime:0.000000s ]
INFO: [ template_filter ] --END-- [ RunTime:0.000000s ]
INFO: Run Behavior\ParseTemplateBehavior [ RunTime:0.006001s ]
INFO: [ view_parse ] --END-- [ RunTime:0.006001s ]
INFO: [ view_filter ] --START--
INFO: Run Behavior\WriteHtmlCacheBehavior [ RunTime:0.001000s ]
INFO: [ view_filter ] --END-- [ RunTime:0.001000s ]
INFO: [ app_end ] --START--
INFO: Run Behavior\ShowPageTraceBehavior [ RunTime:0.000000s ]
INFO: [ app_end ] --END-- [ RunTime:0.000000s ]

[ 2017-07-12T09:03:30+08:00 ] 127.0.0.1 /tp3.2/home/index/datalist
INFO: [ app_init ] --START--
INFO: Run Behavior\BuildLiteBehavior [ RunTime:0.000000s ]
INFO: [ app_init ] --END-- [ RunTime:0.001000s ]
INFO: [ app_begin ] --START--
INFO: Run Behavior\ReadHtmlCacheBehavior [ RunTime:0.001000s ]
INFO: [ app_begin ] --END-- [ RunTime:0.002000s ]
SQL: SHOW COLUMNS FROM `hl_admin` [ RunTime:0.0180s ]
SQL: select groupID as id, groupName as `group`,ename as text from shitSen [ RunTime:0.0220s ]

[ 2017-07-12T09:04:08+08:00 ] 127.0.0.1 /tp3.2/home/index/checklogin
INFO: [ app_init ] --START--
INFO: Run Behavior\BuildLiteBehavior [ RunTime:0.000000s ]
INFO: [ app_init ] --END-- [ RunTime:0.000000s ]
INFO: [ app_begin ] --START--
INFO: Run Behavior\ReadHtmlCacheBehavior [ RunTime:0.001000s ]
INFO: [ app_begin ] --END-- [ RunTime:0.001000s ]
INFO: [ view_parse ] --START--
INFO: [ template_filter ] --START--
INFO: Run Behavior\ContentReplaceBehavior [ RunTime:0.000000s ]
INFO: [ template_filter ] --END-- [ RunTime:0.000000s ]
INFO: Run Behavior\ParseTemplateBehavior [ RunTime:0.006001s ]
INFO: [ view_parse ] --END-- [ RunTime:0.007001s ]
INFO: [ view_filter ] --START--
INFO: Run Behavior\WriteHtmlCacheBehavior [ RunTime:0.000000s ]
INFO: [ view_filter ] --END-- [ RunTime:0.000000s ]
INFO: [ app_end ] --START--
INFO: Run Behavior\ShowPageTraceBehavior [ RunTime:0.001000s ]
INFO: [ app_end ] --END-- [ RunTime:0.002000s ]

[ 2017-07-12T09:04:08+08:00 ] 127.0.0.1 /tp3.2/home/index/datalist
INFO: [ app_init ] --START--
INFO: Run Behavior\BuildLiteBehavior [ RunTime:0.000000s ]
INFO: [ app_init ] --END-- [ RunTime:0.001000s ]
INFO: [ app_begin ] --START--
INFO: Run Behavior\ReadHtmlCacheBehavior [ RunTime:0.000000s ]
INFO: [ app_begin ] --END-- [ RunTime:0.000000s ]
SQL: SHOW COLUMNS FROM `hl_admin` [ RunTime:0.0250s ]
SQL: select groupID as id, groupName as `group`,ename as text from shitSen [ RunTime:0.0280s ]

